[INFO ] 2023-03-02 09:05:24.995 [main] Loggerload - Loading Config file
[INFO ] 2023-03-02 09:05:25.010 [main] Loggerload - Get property BrowserType
[INFO ] 2023-03-02 09:05:25.015 [main] Loggerload - Testing on chrome
[INFO ] 2023-03-02 09:05:40.742 [main] Loggerload - Initializing driver for : chrome
[INFO ] 2023-03-02 09:05:41.669 [main] Loggerload - ===============================================================================================
[INFO ] 2023-03-02 09:05:41.670 [main] Loggerload - [@homepage, @mainPage] : Opeing DS Algo portal link
[INFO ] 2023-03-02 09:05:41.670 [main] Loggerload - -----------------------------------------------------------------------------------------------
[INFO ] 2023-03-02 09:05:41.774 [main] Loggerload - opening DS ALGO portal link
[INFO ] 2023-03-02 09:05:43.144 [main] Loggerload - Page Title : NumpyNinja
[INFO ] 2023-03-02 09:05:43.850 [main] Loggerload - Error Message : You are not logged in
[INFO ] 2023-03-02 09:05:43.854 [main] Loggerload - user click on datastructure getstarted button
[INFO ] 2023-03-02 09:05:44.411 [main] Loggerload - Error Message : You are not logged in
[INFO ] 2023-03-02 09:05:44.884 [main] Loggerload - Page Title : Login
[INFO ] 2023-03-02 09:05:45.054 [main] Loggerload - ===============================================================================================
[INFO ] 2023-03-02 09:05:45.054 [main] Loggerload - [@register, @TS_register_01] : The user is presented with error message for empty fields below Username textbox
[INFO ] 2023-03-02 09:05:45.055 [main] Loggerload - -----------------------------------------------------------------------------------------------
[INFO ] 2023-03-02 09:05:45.667 [main] Loggerload - user get into the Register page
[INFO ] 2023-03-02 09:05:46.768 [main] Loggerload - errror message : Please fill out this field.
[INFO ] 2023-03-02 09:05:46.861 [main] Loggerload - ===============================================================================================
[INFO ] 2023-03-02 09:05:46.862 [main] Loggerload - [@register, @TS_register_02] : The user is presented with error message for empty fields below Password textbox
[INFO ] 2023-03-02 09:05:46.862 [main] Loggerload - -----------------------------------------------------------------------------------------------
[INFO ] 2023-03-02 09:05:47.186 [main] Loggerload - user get into the Register page
[INFO ] 2023-03-02 09:05:47.648 [main] Loggerload - The user  enters username with other fields empty 
[INFO ] 2023-03-02 09:05:47.659 [main] Loggerload - The user enter username as : Numphysdet94NN
[INFO ] 2023-03-02 09:05:48.092 [main] Loggerload - Page Title : Registration
[INFO ] 2023-03-02 09:05:48.664 [main] Loggerload - errror message : 
[INFO ] 2023-03-02 09:05:48.865 [main] Loggerload - ===============================================================================================
[INFO ] 2023-03-02 09:05:48.865 [main] Loggerload - [@register, @TS_register_03] : The user is presented with error message for empty fields below confirm Password textbox
[INFO ] 2023-03-02 09:05:48.866 [main] Loggerload - -----------------------------------------------------------------------------------------------
[INFO ] 2023-03-02 09:05:49.405 [main] Loggerload - user get into the Register page
[INFO ] 2023-03-02 09:05:49.855 [main] Loggerload - The user  enters username and password with Password Confirmation field empty 
[INFO ] 2023-03-02 09:05:49.856 [main] Loggerload - The user enter username as : Numphysdet94NN
[INFO ] 2023-03-02 09:05:50.076 [main] Loggerload - The user enter password as : sdet94batchNN
[INFO ] 2023-03-02 09:05:50.564 [main] Loggerload - errror message : Please fill out this field.
[INFO ] 2023-03-02 09:05:50.742 [main] Loggerload - ===============================================================================================
[INFO ] 2023-03-02 09:05:50.743 [main] Loggerload - [@register, @TS_register_04] : The user is presented with error message for invalid username
[INFO ] 2023-03-02 09:05:50.744 [main] Loggerload - -----------------------------------------------------------------------------------------------
[INFO ] 2023-03-02 09:05:51.167 [main] Loggerload - user get into the Register page
[INFO ] 2023-03-02 09:05:51.603 [main] Loggerload - The user enters a username with characters other than Letters, digits and @/./+/-/_   with password and confirm_password
[INFO ] 2023-03-02 09:05:51.604 [main] Loggerload - The user enter username as : &**&**&
[INFO ] 2023-03-02 09:05:51.792 [main] Loggerload - The user enter password as : sdet94batchNN
[INFO ] 2023-03-02 09:05:51.962 [main] Loggerload - The user enter confirm password as : sdet94batchNN
[INFO ] 2023-03-02 09:05:52.609 [main] Loggerload - Error Message  : password_mismatch:The two password fields didn’t match.
[INFO ] 2023-03-02 09:05:52.643 [main] Loggerload - ===============================================================================================
[INFO ] 2023-03-02 09:05:52.644 [main] Loggerload - [@register, @TS_register_05] : The user is presented with error message for password mismatch
[INFO ] 2023-03-02 09:05:52.646 [main] Loggerload - -----------------------------------------------------------------------------------------------
[INFO ] 2023-03-02 09:05:52.884 [main] Loggerload - user get into the Register page
[INFO ] 2023-03-02 09:05:53.246 [main] Loggerload - The user enters username and different passwords 
[INFO ] 2023-03-02 09:05:53.247 [main] Loggerload - The user enter username as : Numphysdet94NN
[INFO ] 2023-03-02 09:05:53.446 [main] Loggerload - The user enter password as : sdet94batchNN
[INFO ] 2023-03-02 09:05:53.609 [main] Loggerload - The user enter confirm password as : password
[INFO ] 2023-03-02 09:05:54.252 [main] Loggerload - Error Message  : password_mismatch:The two password fields didn’t match.
[INFO ] 2023-03-02 09:05:54.265 [main] Loggerload - ===============================================================================================
[INFO ] 2023-03-02 09:05:54.266 [main] Loggerload - [@register, @TS_register_06] : The user is presented with error message for password with characters less than 8
[INFO ] 2023-03-02 09:05:54.266 [main] Loggerload - -----------------------------------------------------------------------------------------------
[INFO ] 2023-03-02 09:05:54.513 [main] Loggerload - user get into the Register page
[INFO ] 2023-03-02 09:05:54.905 [main] Loggerload - The user enters username and password with characters less than eight and confirm_password  
[INFO ] 2023-03-02 09:05:54.907 [main] Loggerload - The user enter username as : Numphysdet94NN
[INFO ] 2023-03-02 09:05:55.077 [main] Loggerload - The user enter password as : sdet94
[INFO ] 2023-03-02 09:05:55.235 [main] Loggerload - The user enter confirm password as : sdet94
[INFO ] 2023-03-02 09:05:56.019 [main] Loggerload - Error Message  : password_mismatch:The two password fields didn’t match.
[INFO ] 2023-03-02 09:05:56.039 [main] Loggerload - ===============================================================================================
[INFO ] 2023-03-02 09:05:56.039 [main] Loggerload - [@register, @TS_register_07] : The user is presented with error message for password with only numbers
[INFO ] 2023-03-02 09:05:56.039 [main] Loggerload - -----------------------------------------------------------------------------------------------
[INFO ] 2023-03-02 09:05:56.285 [main] Loggerload - user get into the Register page
[INFO ] 2023-03-02 09:05:56.726 [main] Loggerload -  The user enters username and   password with only numbers and confirm_password 
[INFO ] 2023-03-02 09:05:56.727 [main] Loggerload - The user enter username as : Numphysdet94NN
[INFO ] 2023-03-02 09:05:56.918 [main] Loggerload - The user enter password as : 12345678
[INFO ] 2023-03-02 09:05:57.077 [main] Loggerload - The user enter confirm password as : 12345678
[INFO ] 2023-03-02 09:05:57.624 [main] Loggerload - Error Message  : password_mismatch:The two password fields didn’t match.
[INFO ] 2023-03-02 09:05:57.639 [main] Loggerload - ===============================================================================================
[INFO ] 2023-03-02 09:05:57.640 [main] Loggerload - [@register, @TS_register_08] : Getting register into page with username and password
[INFO ] 2023-03-02 09:05:57.640 [main] Loggerload - -----------------------------------------------------------------------------------------------
[INFO ] 2023-03-02 09:05:57.868 [main] Loggerload - user get into the Register page
[INFO ] 2023-03-02 09:05:59.289 [main] Loggerload - user   successfully   Registered
[INFO ] 2023-03-02 09:05:59.304 [main] Loggerload - Page Title : Registration
[INFO ] 2023-03-02 09:05:59.308 [main] Loggerload - User redirected to login page 
[INFO ] 2023-03-02 09:05:59.319 [main] Loggerload - Title of current page is : Registration
[INFO ] 2023-03-02 09:05:59.334 [main] Loggerload - ===============================================================================================
[INFO ] 2023-03-02 09:05:59.334 [main] Loggerload - [@register, @TS_register_08] : Getting register into page with username and password
[INFO ] 2023-03-02 09:05:59.335 [main] Loggerload - -----------------------------------------------------------------------------------------------
[INFO ] 2023-03-02 09:05:59.609 [main] Loggerload - user get into the Register page
[INFO ] 2023-03-02 09:06:01.083 [main] Loggerload - user   successfully   Registered
[INFO ] 2023-03-02 09:06:01.109 [main] Loggerload - Page Title : Registration
[INFO ] 2023-03-02 09:06:01.112 [main] Loggerload - User redirected to login page 
[INFO ] 2023-03-02 09:06:01.124 [main] Loggerload - Title of current page is : Registration
[INFO ] 2023-03-02 09:06:01.148 [main] Loggerload - ===============================================================================================
[INFO ] 2023-03-02 09:06:01.148 [main] Loggerload - [@register, @TS_register_09] : The user is presented with error message for existing username
[INFO ] 2023-03-02 09:06:01.148 [main] Loggerload - -----------------------------------------------------------------------------------------------
[INFO ] 2023-03-02 09:06:01.427 [main] Loggerload - user get into the Register page
[INFO ] 2023-03-02 09:06:01.827 [main] Loggerload - The user enters a valid existing username with password and confirm_password
[INFO ] 2023-03-02 09:06:01.828 [main] Loggerload - The user enter username as : Numphysdet94NN
[INFO ] 2023-03-02 09:06:01.999 [main] Loggerload - The user enter password as : sdet94batchNN
[INFO ] 2023-03-02 09:06:02.172 [main] Loggerload - The user enter confirm password as : sdet94batchNN
[INFO ] 2023-03-02 09:06:02.814 [main] Loggerload - Error Message  : password_mismatch:The two password fields didn’t match.
[INFO ] 2023-03-02 09:06:02.867 [main] Loggerload - ===============================================================================================
[INFO ] 2023-03-02 09:06:02.868 [main] Loggerload - [@signIn, @signIn] : user navigate to sign in  page
[INFO ] 2023-03-02 09:06:02.869 [main] Loggerload - -----------------------------------------------------------------------------------------------
[INFO ] 2023-03-02 09:06:02.879 [main] Loggerload - User launches login page 
[INFO ] 2023-03-02 09:06:03.188 [main] Loggerload - User enter login credentials 
[INFO ] 2023-03-02 09:06:06.032 [main] Loggerload - User redirected to login page 
[INFO ] 2023-03-02 09:06:06.061 [main] Loggerload - Title of current page is : Login
[INFO ] 2023-03-02 09:06:06.083 [main] Loggerload - ===============================================================================================
[INFO ] 2023-03-02 09:06:06.083 [main] Loggerload - [@signIn, @signIn] : user navigate to sign in  page
[INFO ] 2023-03-02 09:06:06.084 [main] Loggerload - -----------------------------------------------------------------------------------------------
[INFO ] 2023-03-02 09:06:06.089 [main] Loggerload - User launches login page 
[INFO ] 2023-03-02 09:06:06.272 [main] Loggerload - User enter login credentials 
[INFO ] 2023-03-02 09:06:07.531 [main] Loggerload - User redirected to login page 
[INFO ] 2023-03-02 09:06:07.553 [main] Loggerload - Title of current page is : NumpyNinja
[INFO ] 2023-03-02 09:06:07.577 [main] Loggerload - ===============================================================================================
[INFO ] 2023-03-02 09:06:07.577 [main] Loggerload - [@signIn, @signIn] : user navigate to sign in  page
[INFO ] 2023-03-02 09:06:07.578 [main] Loggerload - -----------------------------------------------------------------------------------------------
[INFO ] 2023-03-02 09:06:07.585 [main] Loggerload - User launches login page 
[INFO ] 2023-03-02 09:06:07.925 [main] Loggerload - User enter login credentials 
[INFO ] 2023-03-02 09:06:09.188 [main] Loggerload - User redirected to login page 
[INFO ] 2023-03-02 09:06:09.217 [main] Loggerload - Title of current page is : Login
[INFO ] 2023-03-02 09:06:09.232 [main] Loggerload - ===============================================================================================
[INFO ] 2023-03-02 09:06:09.232 [main] Loggerload - [@signIn, @signIn] : user navigate to sign in  page
[INFO ] 2023-03-02 09:06:09.233 [main] Loggerload - -----------------------------------------------------------------------------------------------
[INFO ] 2023-03-02 09:06:09.247 [main] Loggerload - User launches login page 
[INFO ] 2023-03-02 09:06:09.426 [main] Loggerload - User enter login credentials 
[INFO ] 2023-03-02 09:06:09.969 [main] Loggerload - User redirected to login page 
[INFO ] 2023-03-02 09:06:10.016 [main] Loggerload - Title of current page is : Login
[INFO ] 2023-03-02 09:06:10.048 [main] Loggerload - ===============================================================================================
[INFO ] 2023-03-02 09:06:10.048 [main] Loggerload - [@signIn, @signIn] : user navigate to sign in  page
[INFO ] 2023-03-02 09:06:10.048 [main] Loggerload - -----------------------------------------------------------------------------------------------
[INFO ] 2023-03-02 09:06:10.078 [main] Loggerload - User launches login page 
[INFO ] 2023-03-02 09:06:10.382 [main] Loggerload - User enter login credentials 
[INFO ] 2023-03-02 09:06:11.076 [main] Loggerload - User redirected to login page 
[INFO ] 2023-03-02 09:06:11.109 [main] Loggerload - Title of current page is : Login
[INFO ] 2023-03-02 09:06:11.136 [main] Loggerload - ===============================================================================================
[INFO ] 2023-03-02 09:06:11.137 [main] Loggerload - [@signIn, @signIn] : user navigate to sign in  page
[INFO ] 2023-03-02 09:06:11.137 [main] Loggerload - -----------------------------------------------------------------------------------------------
[INFO ] 2023-03-02 09:06:11.157 [main] Loggerload - User launches login page 
[INFO ] 2023-03-02 09:06:11.459 [main] Loggerload - User enter login credentials 
[INFO ] 2023-03-02 09:06:12.115 [main] Loggerload - User redirected to login page 
[INFO ] 2023-03-02 09:06:12.161 [main] Loggerload - Title of current page is : Login
[INFO ] 2023-03-02 09:06:12.207 [main] Loggerload - ===============================================================================================
[INFO ] 2023-03-02 09:06:12.207 [main] Loggerload - [@signIn, @signIn] : user navigate to sign in  page
[INFO ] 2023-03-02 09:06:12.209 [main] Loggerload - -----------------------------------------------------------------------------------------------
[INFO ] 2023-03-02 09:06:12.236 [main] Loggerload - User launches login page 
[INFO ] 2023-03-02 09:06:12.629 [main] Loggerload - User enter login credentials 
[INFO ] 2023-03-02 09:06:13.793 [main] Loggerload - User redirected to login page 
[INFO ] 2023-03-02 09:06:13.812 [main] Loggerload - Title of current page is : Login
[INFO ] 2023-03-02 09:06:13.828 [main] Loggerload - ===============================================================================================
[INFO ] 2023-03-02 09:06:13.829 [main] Loggerload - [@signIn, @signIn] : user navigate to sign in  page
[INFO ] 2023-03-02 09:06:13.829 [main] Loggerload - -----------------------------------------------------------------------------------------------
[INFO ] 2023-03-02 09:06:13.832 [main] Loggerload - User launches login page 
[INFO ] 2023-03-02 09:06:14.111 [main] Loggerload - User enter login credentials 
[INFO ] 2023-03-02 09:06:15.249 [main] Loggerload - User redirected to login page 
[INFO ] 2023-03-02 09:06:15.279 [main] Loggerload - Title of current page is : NumpyNinja
[INFO ] 2023-03-02 09:06:15.323 [main] Loggerload - ===============================================================================================
[INFO ] 2023-03-02 09:06:15.326 [main] Loggerload - [@dataStructure, @dataStructure] : user navigate to datastructure page
[INFO ] 2023-03-02 09:06:15.326 [main] Loggerload - -----------------------------------------------------------------------------------------------
[INFO ] 2023-03-02 09:06:20.335 [main] Loggerload - Expected result from Excel sheetname 1 and 0 : hello
[INFO ] 2023-03-02 09:06:20.455 [main] Loggerload - Actual result: hello
[INFO ] 2023-03-02 09:06:20.958 [main] Loggerload - ===============================================================================================
[INFO ] 2023-03-02 09:06:20.959 [main] Loggerload - [@dataStructure, @dataStructure] : user navigate to datastructure page
[INFO ] 2023-03-02 09:06:20.961 [main] Loggerload - -----------------------------------------------------------------------------------------------
[INFO ] 2023-03-02 09:06:24.816 [main] Loggerload - Expected result from Excel sheetname 1 and 1 : Hello World
[INFO ] 2023-03-02 09:06:24.926 [main] Loggerload - Actual result: Hello World
[INFO ] 2023-03-02 09:06:25.363 [main] Loggerload - ===============================================================================================
[INFO ] 2023-03-02 09:06:25.364 [main] Loggerload - [@array] : user navigate to array page and works on Arrays in Python
[INFO ] 2023-03-02 09:06:25.364 [main] Loggerload - -----------------------------------------------------------------------------------------------
[INFO ] 2023-03-02 09:06:29.604 [main] Loggerload - Expected result from Excel sheetname pythonCode and 0 : hello
[INFO ] 2023-03-02 09:06:29.691 [main] Loggerload - Actual result: hello
[INFO ] 2023-03-02 09:06:29.700 [main] Loggerload - ===============================================================================================
[INFO ] 2023-03-02 09:06:29.700 [main] Loggerload - [@array] : user navigate to array page and works on Arrays in Python
[INFO ] 2023-03-02 09:06:29.700 [main] Loggerload - -----------------------------------------------------------------------------------------------
[INFO ] 2023-03-02 09:06:33.566 [main] Loggerload - Expected result from Excel sheetname pythonCode and 1 : Hello World
[INFO ] 2023-03-02 09:06:33.645 [main] Loggerload - Actual result: Hello World
[INFO ] 2023-03-02 09:06:33.654 [main] Loggerload - ===============================================================================================
[INFO ] 2023-03-02 09:06:33.654 [main] Loggerload - [@array] : user does Arrays Using List
[INFO ] 2023-03-02 09:06:33.654 [main] Loggerload - -----------------------------------------------------------------------------------------------
[INFO ] 2023-03-02 09:06:35.844 [main] Loggerload - Expected result from Excel sheetname pythonCode and 0 : hello
[INFO ] 2023-03-02 09:06:35.927 [main] Loggerload - Actual result: hello
[INFO ] 2023-03-02 09:06:35.942 [main] Loggerload - ===============================================================================================
[INFO ] 2023-03-02 09:06:35.942 [main] Loggerload - [@array] : user does Arrays Using List
[INFO ] 2023-03-02 09:06:35.942 [main] Loggerload - -----------------------------------------------------------------------------------------------
[INFO ] 2023-03-02 09:06:38.049 [main] Loggerload - Expected result from Excel sheetname pythonCode and 1 : Hello World
[INFO ] 2023-03-02 09:06:38.122 [main] Loggerload - Actual result: Hello World
[INFO ] 2023-03-02 09:06:38.132 [main] Loggerload - ===============================================================================================
[INFO ] 2023-03-02 09:06:38.132 [main] Loggerload - [@array] : user does Basic operations in Lists
[INFO ] 2023-03-02 09:06:38.132 [main] Loggerload - -----------------------------------------------------------------------------------------------
[INFO ] 2023-03-02 09:06:40.337 [main] Loggerload - Expected result from Excel sheetname pythonCode and 0 : hello
[INFO ] 2023-03-02 09:06:40.422 [main] Loggerload - Actual result: hello
[INFO ] 2023-03-02 09:06:40.439 [main] Loggerload - ===============================================================================================
[INFO ] 2023-03-02 09:06:40.440 [main] Loggerload - [@array] : user does Basic operations in Lists
[INFO ] 2023-03-02 09:06:40.440 [main] Loggerload - -----------------------------------------------------------------------------------------------
[INFO ] 2023-03-02 09:06:42.805 [main] Loggerload - Expected result from Excel sheetname pythonCode and 1 : Hello World
[INFO ] 2023-03-02 09:06:42.883 [main] Loggerload - Actual result: Hello World
[INFO ] 2023-03-02 09:06:42.893 [main] Loggerload - ===============================================================================================
[INFO ] 2023-03-02 09:06:42.894 [main] Loggerload - [@array] : user does Applications of Array
[INFO ] 2023-03-02 09:06:42.894 [main] Loggerload - -----------------------------------------------------------------------------------------------
[INFO ] 2023-03-02 09:06:45.132 [main] Loggerload - Expected result from Excel sheetname pythonCode and 0 : hello
[INFO ] 2023-03-02 09:06:45.220 [main] Loggerload - Actual result: hello
[INFO ] 2023-03-02 09:06:45.232 [main] Loggerload - ===============================================================================================
[INFO ] 2023-03-02 09:06:45.232 [main] Loggerload - [@array] : user does Applications of Array
[INFO ] 2023-03-02 09:06:45.232 [main] Loggerload - -----------------------------------------------------------------------------------------------
[INFO ] 2023-03-02 09:06:47.480 [main] Loggerload - Expected result from Excel sheetname pythonCode and 1 : Hello World
[INFO ] 2023-03-02 09:06:47.560 [main] Loggerload - Actual result: Hello World
[INFO ] 2023-03-02 09:06:47.574 [main] Loggerload - ===============================================================================================
[INFO ] 2023-03-02 09:06:47.574 [main] Loggerload - [@array] : User navigates to practice question and practices
[INFO ] 2023-03-02 09:06:47.574 [main] Loggerload - -----------------------------------------------------------------------------------------------
[INFO ] 2023-03-02 09:06:50.729 [main] Loggerload - Actual result: search the array
[INFO ] 2023-03-02 09:06:51.263 [main] Loggerload - ===============================================================================================
[INFO ] 2023-03-02 09:06:51.265 [main] Loggerload - [@array] : User validate Max Consecutive Ones page
[INFO ] 2023-03-02 09:06:51.265 [main] Loggerload - -----------------------------------------------------------------------------------------------
[INFO ] 2023-03-02 09:06:52.892 [main] Loggerload - User gets the error message in an Alert  
[INFO ] 2023-03-02 09:06:53.974 [main] Loggerload - The Error Message is:SyntaxError: bad input on line 1
[INFO ] 2023-03-02 09:06:54.010 [main] Loggerload - Displayed Error Message  is SyntaxError: bad input on line 1
[INFO ] 2023-03-02 09:06:54.644 [main] Loggerload - ===============================================================================================
[INFO ] 2023-03-02 09:06:54.648 [main] Loggerload - [@linkedlist] : user navigate to Linked List page and works on Introduction on Linked List
[INFO ] 2023-03-02 09:06:54.649 [main] Loggerload - -----------------------------------------------------------------------------------------------
[INFO ] 2023-03-02 09:06:58.615 [main] Loggerload - Expected result from Excel sheetname pythonCode and 0 : hello
[INFO ] 2023-03-02 09:06:58.766 [main] Loggerload - Actual result: hello
[INFO ] 2023-03-02 09:06:58.775 [main] Loggerload - ===============================================================================================
[INFO ] 2023-03-02 09:06:58.776 [main] Loggerload - [@linkedlist] : user does Creating Linked List
[INFO ] 2023-03-02 09:06:58.776 [main] Loggerload - -----------------------------------------------------------------------------------------------
[INFO ] 2023-03-02 09:07:01.298 [main] Loggerload - Expected result from Excel sheetname pythonCode and 0 : hello
[INFO ] 2023-03-02 09:07:01.376 [main] Loggerload - Actual result: hello
[INFO ] 2023-03-02 09:07:01.388 [main] Loggerload - ===============================================================================================
[INFO ] 2023-03-02 09:07:01.388 [main] Loggerload - [@linkedlist] : user does Types of Linked Lists
[INFO ] 2023-03-02 09:07:01.389 [main] Loggerload - -----------------------------------------------------------------------------------------------
[INFO ] 2023-03-02 09:07:03.657 [main] Loggerload - Expected result from Excel sheetname pythonCode and 0 : hello
[INFO ] 2023-03-02 09:07:03.737 [main] Loggerload - Actual result: hello
[INFO ] 2023-03-02 09:07:03.748 [main] Loggerload - ===============================================================================================
[INFO ] 2023-03-02 09:07:03.749 [main] Loggerload - [@linkedlist] : user does Implement Linked List in Python
[INFO ] 2023-03-02 09:07:03.749 [main] Loggerload - -----------------------------------------------------------------------------------------------
[INFO ] 2023-03-02 09:07:05.786 [main] Loggerload - Expected result from Excel sheetname pythonCode and 0 : hello
[INFO ] 2023-03-02 09:07:05.871 [main] Loggerload - Actual result: hello
[INFO ] 2023-03-02 09:07:05.885 [main] Loggerload - ===============================================================================================
[INFO ] 2023-03-02 09:07:05.885 [main] Loggerload - [@linkedlist] : user does Traversal
[INFO ] 2023-03-02 09:07:05.886 [main] Loggerload - -----------------------------------------------------------------------------------------------
[INFO ] 2023-03-02 09:07:08.079 [main] Loggerload - Expected result from Excel sheetname pythonCode and 0 : hello
[INFO ] 2023-03-02 09:07:08.155 [main] Loggerload - Actual result: hello
[INFO ] 2023-03-02 09:07:08.165 [main] Loggerload - ===============================================================================================
[INFO ] 2023-03-02 09:07:08.166 [main] Loggerload - [@linkedlist] : user does Insertion
[INFO ] 2023-03-02 09:07:08.166 [main] Loggerload - -----------------------------------------------------------------------------------------------
[INFO ] 2023-03-02 09:07:10.442 [main] Loggerload - Expected result from Excel sheetname pythonCode and 0 : hello
[INFO ] 2023-03-02 09:07:10.520 [main] Loggerload - Actual result: hello
[INFO ] 2023-03-02 09:07:10.528 [main] Loggerload - ===============================================================================================
[INFO ] 2023-03-02 09:07:10.530 [main] Loggerload - [@linkedlist] : user does Deletion
[INFO ] 2023-03-02 09:07:10.530 [main] Loggerload - -----------------------------------------------------------------------------------------------
[INFO ] 2023-03-02 09:07:12.848 [main] Loggerload - Expected result from Excel sheetname pythonCode and 0 : hello
[INFO ] 2023-03-02 09:07:12.927 [main] Loggerload - Actual result: hello
[INFO ] 2023-03-02 09:07:13.422 [main] Loggerload - ===============================================================================================
[INFO ] 2023-03-02 09:07:13.422 [main] Loggerload - [@stack] : user navigate to Stack page and works on Operations in Stack
[INFO ] 2023-03-02 09:07:13.423 [main] Loggerload - -----------------------------------------------------------------------------------------------
[INFO ] 2023-03-02 09:07:16.893 [main] Loggerload - Expected result from Excel sheetname pythonCode and 0 : hello
[INFO ] 2023-03-02 09:07:16.981 [main] Loggerload - Actual result: hello
[INFO ] 2023-03-02 09:07:16.992 [main] Loggerload - ===============================================================================================
[INFO ] 2023-03-02 09:07:16.992 [main] Loggerload - [@stack] : user does Implementation Stack
[INFO ] 2023-03-02 09:07:16.992 [main] Loggerload - -----------------------------------------------------------------------------------------------
[INFO ] 2023-03-02 09:07:19.134 [main] Loggerload - Expected result from Excel sheetname pythonCode and 0 : hello
[INFO ] 2023-03-02 09:07:19.228 [main] Loggerload - Actual result: hello
[INFO ] 2023-03-02 09:07:19.248 [main] Loggerload - ===============================================================================================
[INFO ] 2023-03-02 09:07:19.249 [main] Loggerload - [@stack] : user does Applications
[INFO ] 2023-03-02 09:07:19.249 [main] Loggerload - -----------------------------------------------------------------------------------------------
[INFO ] 2023-03-02 09:07:21.418 [main] Loggerload - Expected result from Excel sheetname pythonCode and 0 : hello
[INFO ] 2023-03-02 09:07:21.508 [main] Loggerload - Actual result: hello
[INFO ] 2023-03-02 09:07:21.883 [main] Loggerload - ===============================================================================================
[INFO ] 2023-03-02 09:07:21.883 [main] Loggerload - [@queue] : user navigate to Queue page and works on Implementation Queue in Python
[INFO ] 2023-03-02 09:07:21.884 [main] Loggerload - -----------------------------------------------------------------------------------------------
[INFO ] 2023-03-02 09:07:25.514 [main] Loggerload - Expected result from Excel sheetname pythonCode and 0 : hello
[INFO ] 2023-03-02 09:07:25.596 [main] Loggerload - Actual result: hello
[INFO ] 2023-03-02 09:07:25.606 [main] Loggerload - ===============================================================================================
[INFO ] 2023-03-02 09:07:25.606 [main] Loggerload - [@queue] : user does Implementation Using Collection.deque
[INFO ] 2023-03-02 09:07:25.606 [main] Loggerload - -----------------------------------------------------------------------------------------------
[INFO ] 2023-03-02 09:07:27.945 [main] Loggerload - Expected result from Excel sheetname pythonCode and 0 : hello
[INFO ] 2023-03-02 09:07:28.021 [main] Loggerload - Actual result: hello
[INFO ] 2023-03-02 09:07:28.030 [main] Loggerload - ===============================================================================================
[INFO ] 2023-03-02 09:07:28.030 [main] Loggerload - [@queue] : user does Implementation Using Array
[INFO ] 2023-03-02 09:07:28.031 [main] Loggerload - -----------------------------------------------------------------------------------------------
[INFO ] 2023-03-02 09:07:30.200 [main] Loggerload - Expected result from Excel sheetname pythonCode and 0 : hello
[INFO ] 2023-03-02 09:07:30.282 [main] Loggerload - Actual result: hello
[INFO ] 2023-03-02 09:07:30.811 [main] Loggerload - ===============================================================================================
[INFO ] 2023-03-02 09:07:30.811 [main] Loggerload - [@queue] : user does Queue Operations
[INFO ] 2023-03-02 09:07:30.812 [main] Loggerload - -----------------------------------------------------------------------------------------------
[INFO ] 2023-03-02 09:07:32.968 [main] Loggerload - Expected result from Excel sheetname pythonCode and 0 : hello
[INFO ] 2023-03-02 09:07:33.057 [main] Loggerload - Actual result: hello
[INFO ] 2023-03-02 09:07:33.462 [main] Loggerload - ===============================================================================================
[INFO ] 2023-03-02 09:07:33.463 [main] Loggerload - [@tree] : user navigate to Tree page and works on Overview of Trees 1st link in the Tree
[INFO ] 2023-03-02 09:07:33.463 [main] Loggerload - -----------------------------------------------------------------------------------------------
[INFO ] 2023-03-02 09:07:38.030 [main] Loggerload - Expected result from Excel sheetname pythonCode and 0 : hello
[INFO ] 2023-03-02 09:07:38.105 [main] Loggerload - Actual result: hello
[INFO ] 2023-03-02 09:07:38.117 [main] Loggerload - ===============================================================================================
[INFO ] 2023-03-02 09:07:38.117 [main] Loggerload - [@tree] : user does Terminologies in Trees
[INFO ] 2023-03-02 09:07:38.117 [main] Loggerload - -----------------------------------------------------------------------------------------------
[INFO ] 2023-03-02 09:07:40.442 [main] Loggerload - Expected result from Excel sheetname pythonCode and 0 : hello
[INFO ] 2023-03-02 09:07:40.528 [main] Loggerload - Actual result: hello
[INFO ] 2023-03-02 09:07:40.540 [main] Loggerload - ===============================================================================================
[INFO ] 2023-03-02 09:07:40.540 [main] Loggerload - [@tree] : user does Types of Trees
[INFO ] 2023-03-02 09:07:40.540 [main] Loggerload - -----------------------------------------------------------------------------------------------
[INFO ] 2023-03-02 09:07:42.592 [main] Loggerload - Expected result from Excel sheetname pythonCode and 0 : hello
[INFO ] 2023-03-02 09:07:42.673 [main] Loggerload - Actual result: hello
[INFO ] 2023-03-02 09:07:42.685 [main] Loggerload - ===============================================================================================
[INFO ] 2023-03-02 09:07:42.685 [main] Loggerload - [@tree] : user does Tree Traversals
[INFO ] 2023-03-02 09:07:42.685 [main] Loggerload - -----------------------------------------------------------------------------------------------
[INFO ] 2023-03-02 09:07:44.786 [main] Loggerload - Expected result from Excel sheetname pythonCode and 0 : hello
[INFO ] 2023-03-02 09:07:44.873 [main] Loggerload - Actual result: hello
[INFO ] 2023-03-02 09:07:44.884 [main] Loggerload - ===============================================================================================
[INFO ] 2023-03-02 09:07:44.887 [main] Loggerload - [@tree] : user does Traversal-Illustration
[INFO ] 2023-03-02 09:07:44.887 [main] Loggerload - -----------------------------------------------------------------------------------------------
[INFO ] 2023-03-02 09:07:47.060 [main] Loggerload - Expected result from Excel sheetname pythonCode and 0 : hello
[INFO ] 2023-03-02 09:07:47.145 [main] Loggerload - Actual result: hello
[INFO ] 2023-03-02 09:07:47.153 [main] Loggerload - ===============================================================================================
[INFO ] 2023-03-02 09:07:47.154 [main] Loggerload - [@tree] : user does Binary Trees
[INFO ] 2023-03-02 09:07:47.155 [main] Loggerload - -----------------------------------------------------------------------------------------------
[INFO ] 2023-03-02 09:07:49.373 [main] Loggerload - Expected result from Excel sheetname pythonCode and 0 : hello
[INFO ] 2023-03-02 09:07:49.466 [main] Loggerload - Actual result: hello
[INFO ] 2023-03-02 09:07:49.763 [main] Loggerload - ===============================================================================================
[INFO ] 2023-03-02 09:07:49.763 [main] Loggerload - [@tree] : user does Types of Binary Trees
[INFO ] 2023-03-02 09:07:49.763 [main] Loggerload - -----------------------------------------------------------------------------------------------
[INFO ] 2023-03-02 09:07:52.029 [main] Loggerload - Expected result from Excel sheetname pythonCode and 0 : hello
[INFO ] 2023-03-02 09:07:52.124 [main] Loggerload - Actual result: hello
[INFO ] 2023-03-02 09:07:52.134 [main] Loggerload - ===============================================================================================
[INFO ] 2023-03-02 09:07:52.135 [main] Loggerload - [@tree] : user does Implementation in Python
[INFO ] 2023-03-02 09:07:52.135 [main] Loggerload - -----------------------------------------------------------------------------------------------
[INFO ] 2023-03-02 09:07:54.548 [main] Loggerload - Expected result from Excel sheetname pythonCode and 0 : hello
[INFO ] 2023-03-02 09:07:54.621 [main] Loggerload - Actual result: hello
[INFO ] 2023-03-02 09:07:54.629 [main] Loggerload - ===============================================================================================
[INFO ] 2023-03-02 09:07:54.629 [main] Loggerload - [@tree] : user does Binary Tree Traversals
[INFO ] 2023-03-02 09:07:54.629 [main] Loggerload - -----------------------------------------------------------------------------------------------
[INFO ] 2023-03-02 09:07:56.893 [main] Loggerload - Expected result from Excel sheetname pythonCode and 0 : hello
[INFO ] 2023-03-02 09:07:56.970 [main] Loggerload - Actual result: hello
[INFO ] 2023-03-02 09:07:56.978 [main] Loggerload - ===============================================================================================
[INFO ] 2023-03-02 09:07:56.978 [main] Loggerload - [@tree] : user does Implementation of Binary Trees
[INFO ] 2023-03-02 09:07:56.978 [main] Loggerload - -----------------------------------------------------------------------------------------------
[INFO ] 2023-03-02 09:07:59.275 [main] Loggerload - Expected result from Excel sheetname pythonCode and 0 : hello
[INFO ] 2023-03-02 09:07:59.357 [main] Loggerload - Actual result: hello
[INFO ] 2023-03-02 09:07:59.720 [main] Loggerload - ===============================================================================================
[INFO ] 2023-03-02 09:07:59.720 [main] Loggerload - [@tree] : user does Applications of Binary Trees
[INFO ] 2023-03-02 09:07:59.721 [main] Loggerload - -----------------------------------------------------------------------------------------------
[INFO ] 2023-03-02 09:08:01.864 [main] Loggerload - Expected result from Excel sheetname pythonCode and 0 : hello
[INFO ] 2023-03-02 09:08:01.944 [main] Loggerload - Actual result: hello
[INFO ] 2023-03-02 09:08:01.956 [main] Loggerload - ===============================================================================================
[INFO ] 2023-03-02 09:08:01.956 [main] Loggerload - [@tree] : user does Binary Search Trees
[INFO ] 2023-03-02 09:08:01.956 [main] Loggerload - -----------------------------------------------------------------------------------------------
[INFO ] 2023-03-02 09:08:05.202 [main] Loggerload - Expected result from Excel sheetname pythonCode and 0 : hello
[INFO ] 2023-03-02 09:08:05.280 [main] Loggerload - Actual result: hello
[INFO ] 2023-03-02 09:08:05.289 [main] Loggerload - ===============================================================================================
[INFO ] 2023-03-02 09:08:05.289 [main] Loggerload - [@tree] : user does Implementation of BST
[INFO ] 2023-03-02 09:08:05.289 [main] Loggerload - -----------------------------------------------------------------------------------------------
[INFO ] 2023-03-02 09:08:07.362 [main] Loggerload - Expected result from Excel sheetname pythonCode and 0 : hello
[INFO ] 2023-03-02 09:08:07.437 [main] Loggerload - Actual result: hello
[INFO ] 2023-03-02 09:08:07.822 [main] Loggerload - ===============================================================================================
[INFO ] 2023-03-02 09:08:07.823 [main] Loggerload - [@graph] : user navigate to Graph page and works on  Graph
[INFO ] 2023-03-02 09:08:07.824 [main] Loggerload - -----------------------------------------------------------------------------------------------
[INFO ] 2023-03-02 09:08:11.704 [main] Loggerload - Expected result from Excel sheetname pythonCode and 0 : hello
[INFO ] 2023-03-02 09:08:11.780 [main] Loggerload - Actual result: hello
[INFO ] 2023-03-02 09:08:11.793 [main] Loggerload - ===============================================================================================
[INFO ] 2023-03-02 09:08:11.794 [main] Loggerload - [@graph] : user does Graph Representations
[INFO ] 2023-03-02 09:08:11.794 [main] Loggerload - -----------------------------------------------------------------------------------------------
[INFO ] 2023-03-02 09:08:13.764 [main] Loggerload - Expected result from Excel sheetname pythonCode and 0 : hello
[INFO ] 2023-03-02 09:08:13.840 [main] Loggerload - Actual result: hello
[INFO ] 2023-03-02 09:09:51.406 [main] Loggerload - Loading Config file
[INFO ] 2023-03-02 09:09:51.417 [main] Loggerload - Get property BrowserType
[INFO ] 2023-03-02 09:09:51.421 [main] Loggerload - Testing on chrome
[INFO ] 2023-03-02 09:09:59.729 [main] Loggerload - Initializing driver for : chrome
[INFO ] 2023-03-02 09:10:00.736 [main] Loggerload - ===============================================================================================
[INFO ] 2023-03-02 09:10:00.738 [main] Loggerload - [@homepage, @mainPage] : Opeing DS Algo portal link
[INFO ] 2023-03-02 09:10:00.738 [main] Loggerload - -----------------------------------------------------------------------------------------------
[INFO ] 2023-03-02 09:10:00.871 [main] Loggerload - opening DS ALGO portal link
[INFO ] 2023-03-02 09:10:02.009 [main] Loggerload - Page Title : NumpyNinja
[INFO ] 2023-03-02 09:10:02.713 [main] Loggerload - Error Message : You are not logged in
[INFO ] 2023-03-02 09:10:02.717 [main] Loggerload - user click on datastructure getstarted button
[INFO ] 2023-03-02 09:10:03.275 [main] Loggerload - Error Message : You are not logged in
[INFO ] 2023-03-02 09:10:03.664 [main] Loggerload - Page Title : Login
[INFO ] 2023-03-02 09:10:03.875 [main] Loggerload - ===============================================================================================
[INFO ] 2023-03-02 09:10:03.877 [main] Loggerload - [@register, @TS_register_01] : The user is presented with error message for empty fields below Username textbox
[INFO ] 2023-03-02 09:10:03.878 [main] Loggerload - -----------------------------------------------------------------------------------------------
[INFO ] 2023-03-02 09:10:04.236 [main] Loggerload - user get into the Register page
[INFO ] 2023-03-02 09:10:05.033 [main] Loggerload - errror message : Please fill out this field.
[INFO ] 2023-03-02 09:10:05.121 [main] Loggerload - ===============================================================================================
[INFO ] 2023-03-02 09:10:05.121 [main] Loggerload - [@register, @TS_register_02] : The user is presented with error message for empty fields below Password textbox
[INFO ] 2023-03-02 09:10:05.121 [main] Loggerload - -----------------------------------------------------------------------------------------------
[INFO ] 2023-03-02 09:10:05.460 [main] Loggerload - user get into the Register page
[INFO ] 2023-03-02 09:10:05.900 [main] Loggerload - The user  enters username with other fields empty 
[INFO ] 2023-03-02 09:10:05.912 [main] Loggerload - The user enter username as : Numphysdet94NN
[INFO ] 2023-03-02 09:10:06.381 [main] Loggerload - Page Title : Registration
[INFO ] 2023-03-02 09:10:06.915 [main] Loggerload - errror message : 
[INFO ] 2023-03-02 09:10:07.017 [main] Loggerload - ===============================================================================================
[INFO ] 2023-03-02 09:10:07.017 [main] Loggerload - [@register, @TS_register_03] : The user is presented with error message for empty fields below confirm Password textbox
[INFO ] 2023-03-02 09:10:07.017 [main] Loggerload - -----------------------------------------------------------------------------------------------
[INFO ] 2023-03-02 09:10:07.512 [main] Loggerload - user get into the Register page
[INFO ] 2023-03-02 09:10:07.948 [main] Loggerload - The user  enters username and password with Password Confirmation field empty 
[INFO ] 2023-03-02 09:10:07.949 [main] Loggerload - The user enter username as : Numphysdet94NN
[INFO ] 2023-03-02 09:10:08.087 [main] Loggerload - The user enter password as : sdet94batchNN
[INFO ] 2023-03-02 09:10:08.507 [main] Loggerload - errror message : Please fill out this field.
[INFO ] 2023-03-02 09:10:08.685 [main] Loggerload - ===============================================================================================
[INFO ] 2023-03-02 09:10:08.685 [main] Loggerload - [@register, @TS_register_04] : The user is presented with error message for invalid username
[INFO ] 2023-03-02 09:10:08.692 [main] Loggerload - -----------------------------------------------------------------------------------------------
[INFO ] 2023-03-02 09:10:09.042 [main] Loggerload - user get into the Register page
[INFO ] 2023-03-02 09:10:09.651 [main] Loggerload - The user enters a username with characters other than Letters, digits and @/./+/-/_   with password and confirm_password
[INFO ] 2023-03-02 09:10:09.653 [main] Loggerload - The user enter username as : &**&**&
[INFO ] 2023-03-02 09:10:09.874 [main] Loggerload - The user enter password as : sdet94batchNN
[INFO ] 2023-03-02 09:10:10.105 [main] Loggerload - The user enter confirm password as : sdet94batchNN
[INFO ] 2023-03-02 09:10:10.915 [main] Loggerload - Error Message  : password_mismatch:The two password fields didn’t match.
[INFO ] 2023-03-02 09:10:10.979 [main] Loggerload - ===============================================================================================
[INFO ] 2023-03-02 09:10:10.980 [main] Loggerload - [@register, @TS_register_05] : The user is presented with error message for password mismatch
[INFO ] 2023-03-02 09:10:10.980 [main] Loggerload - -----------------------------------------------------------------------------------------------
[INFO ] 2023-03-02 09:10:11.214 [main] Loggerload - user get into the Register page
[INFO ] 2023-03-02 09:10:11.761 [main] Loggerload - The user enters username and different passwords 
[INFO ] 2023-03-02 09:10:11.762 [main] Loggerload - The user enter username as : Numphysdet94NN
[INFO ] 2023-03-02 09:10:11.957 [main] Loggerload - The user enter password as : sdet94batchNN
[INFO ] 2023-03-02 09:10:12.124 [main] Loggerload - The user enter confirm password as : password
[INFO ] 2023-03-02 09:10:12.675 [main] Loggerload - Error Message  : password_mismatch:The two password fields didn’t match.
[INFO ] 2023-03-02 09:10:12.694 [main] Loggerload - ===============================================================================================
[INFO ] 2023-03-02 09:10:12.695 [main] Loggerload - [@register, @TS_register_06] : The user is presented with error message for password with characters less than 8
[INFO ] 2023-03-02 09:10:12.695 [main] Loggerload - -----------------------------------------------------------------------------------------------
[INFO ] 2023-03-02 09:10:12.922 [main] Loggerload - user get into the Register page
[INFO ] 2023-03-02 09:10:13.350 [main] Loggerload - The user enters username and password with characters less than eight and confirm_password  
[INFO ] 2023-03-02 09:10:13.352 [main] Loggerload - The user enter username as : Numphysdet94NN
[INFO ] 2023-03-02 09:10:13.512 [main] Loggerload - The user enter password as : sdet94
[INFO ] 2023-03-02 09:10:13.658 [main] Loggerload - The user enter confirm password as : sdet94
[INFO ] 2023-03-02 09:10:14.253 [main] Loggerload - Error Message  : password_mismatch:The two password fields didn’t match.
[INFO ] 2023-03-02 09:10:14.280 [main] Loggerload - ===============================================================================================
[INFO ] 2023-03-02 09:10:14.280 [main] Loggerload - [@register, @TS_register_07] : The user is presented with error message for password with only numbers
[INFO ] 2023-03-02 09:10:14.283 [main] Loggerload - -----------------------------------------------------------------------------------------------
[INFO ] 2023-03-02 09:10:14.523 [main] Loggerload - user get into the Register page
[INFO ] 2023-03-02 09:10:14.914 [main] Loggerload -  The user enters username and   password with only numbers and confirm_password 
[INFO ] 2023-03-02 09:10:14.914 [main] Loggerload - The user enter username as : Numphysdet94NN
[INFO ] 2023-03-02 09:10:15.071 [main] Loggerload - The user enter password as : 12345678
[INFO ] 2023-03-02 09:10:15.223 [main] Loggerload - The user enter confirm password as : 12345678
[INFO ] 2023-03-02 09:10:15.818 [main] Loggerload - Error Message  : password_mismatch:The two password fields didn’t match.
[INFO ] 2023-03-02 09:10:15.900 [main] Loggerload - ===============================================================================================
[INFO ] 2023-03-02 09:10:15.900 [main] Loggerload - [@register, @TS_register_08] : Getting register into page with username and password
[INFO ] 2023-03-02 09:10:15.901 [main] Loggerload - -----------------------------------------------------------------------------------------------
[INFO ] 2023-03-02 09:10:16.166 [main] Loggerload - user get into the Register page
[INFO ] 2023-03-02 09:10:17.489 [main] Loggerload - user   successfully   Registered
[INFO ] 2023-03-02 09:10:17.520 [main] Loggerload - Page Title : Registration
[INFO ] 2023-03-02 09:10:17.524 [main] Loggerload - User redirected to login page 
[INFO ] 2023-03-02 09:10:17.538 [main] Loggerload - Title of current page is : Registration
[INFO ] 2023-03-02 09:10:17.557 [main] Loggerload - ===============================================================================================
[INFO ] 2023-03-02 09:10:17.557 [main] Loggerload - [@register, @TS_register_08] : Getting register into page with username and password
[INFO ] 2023-03-02 09:10:17.558 [main] Loggerload - -----------------------------------------------------------------------------------------------
[INFO ] 2023-03-02 09:10:17.848 [main] Loggerload - user get into the Register page
[INFO ] 2023-03-02 09:10:19.699 [main] Loggerload - user   successfully   Registered
[INFO ] 2023-03-02 09:10:19.715 [main] Loggerload - Page Title : Registration
[INFO ] 2023-03-02 09:10:19.721 [main] Loggerload - User redirected to login page 
[INFO ] 2023-03-02 09:10:19.738 [main] Loggerload - Title of current page is : Registration
[INFO ] 2023-03-02 09:10:19.780 [main] Loggerload - ===============================================================================================
[INFO ] 2023-03-02 09:10:19.781 [main] Loggerload - [@register, @TS_register_09] : The user is presented with error message for existing username
[INFO ] 2023-03-02 09:10:19.781 [main] Loggerload - -----------------------------------------------------------------------------------------------
[INFO ] 2023-03-02 09:10:20.052 [main] Loggerload - user get into the Register page
[INFO ] 2023-03-02 09:10:20.481 [main] Loggerload - The user enters a valid existing username with password and confirm_password
[INFO ] 2023-03-02 09:10:20.482 [main] Loggerload - The user enter username as : Numphysdet94NN
[INFO ] 2023-03-02 09:10:20.675 [main] Loggerload - The user enter password as : sdet94batchNN
[INFO ] 2023-03-02 09:10:20.841 [main] Loggerload - The user enter confirm password as : sdet94batchNN
[INFO ] 2023-03-02 09:10:21.478 [main] Loggerload - Error Message  : password_mismatch:The two password fields didn’t match.
[INFO ] 2023-03-02 09:10:21.500 [main] Loggerload - ===============================================================================================
[INFO ] 2023-03-02 09:10:21.500 [main] Loggerload - [@signIn, @signIn] : user navigate to sign in  page
[INFO ] 2023-03-02 09:10:21.500 [main] Loggerload - -----------------------------------------------------------------------------------------------
[INFO ] 2023-03-02 09:10:21.505 [main] Loggerload - User launches login page 
[INFO ] 2023-03-02 09:10:21.895 [main] Loggerload - User enter login credentials 
[INFO ] 2023-03-02 09:10:25.008 [main] Loggerload - User redirected to login page 
[INFO ] 2023-03-02 09:10:25.039 [main] Loggerload - Title of current page is : Login
[INFO ] 2023-03-02 09:10:25.091 [main] Loggerload - ===============================================================================================
[INFO ] 2023-03-02 09:10:25.091 [main] Loggerload - [@signIn, @signIn] : user navigate to sign in  page
[INFO ] 2023-03-02 09:10:25.091 [main] Loggerload - -----------------------------------------------------------------------------------------------
[INFO ] 2023-03-02 09:10:25.102 [main] Loggerload - User launches login page 
[INFO ] 2023-03-02 09:10:25.355 [main] Loggerload - User enter login credentials 
[INFO ] 2023-03-02 09:10:26.613 [main] Loggerload - User redirected to login page 
[INFO ] 2023-03-02 09:10:26.636 [main] Loggerload - Title of current page is : NumpyNinja
[INFO ] 2023-03-02 09:10:26.658 [main] Loggerload - ===============================================================================================
[INFO ] 2023-03-02 09:10:26.658 [main] Loggerload - [@signIn, @signIn] : user navigate to sign in  page
[INFO ] 2023-03-02 09:10:26.658 [main] Loggerload - -----------------------------------------------------------------------------------------------
[INFO ] 2023-03-02 09:10:26.670 [main] Loggerload - User launches login page 
[INFO ] 2023-03-02 09:10:26.954 [main] Loggerload - User enter login credentials 
[INFO ] 2023-03-02 09:10:27.935 [main] Loggerload - User redirected to login page 
[INFO ] 2023-03-02 09:10:27.969 [main] Loggerload - Title of current page is : Login
[INFO ] 2023-03-02 09:10:27.981 [main] Loggerload - ===============================================================================================
[INFO ] 2023-03-02 09:10:27.982 [main] Loggerload - [@signIn, @signIn] : user navigate to sign in  page
[INFO ] 2023-03-02 09:10:27.982 [main] Loggerload - -----------------------------------------------------------------------------------------------
[INFO ] 2023-03-02 09:10:27.987 [main] Loggerload - User launches login page 
[INFO ] 2023-03-02 09:10:28.177 [main] Loggerload - User enter login credentials 
[INFO ] 2023-03-02 09:10:28.668 [main] Loggerload - User redirected to login page 
[INFO ] 2023-03-02 09:10:28.729 [main] Loggerload - Title of current page is : Login
[INFO ] 2023-03-02 09:10:28.774 [main] Loggerload - ===============================================================================================
[INFO ] 2023-03-02 09:10:28.774 [main] Loggerload - [@signIn, @signIn] : user navigate to sign in  page
[INFO ] 2023-03-02 09:10:28.775 [main] Loggerload - -----------------------------------------------------------------------------------------------
[INFO ] 2023-03-02 09:10:28.790 [main] Loggerload - User launches login page 
[INFO ] 2023-03-02 09:10:29.259 [main] Loggerload - User enter login credentials 
[INFO ] 2023-03-02 09:10:29.695 [main] Loggerload - User redirected to login page 
[INFO ] 2023-03-02 09:10:29.721 [main] Loggerload - Title of current page is : Login
[INFO ] 2023-03-02 09:10:29.749 [main] Loggerload - ===============================================================================================
[INFO ] 2023-03-02 09:10:29.749 [main] Loggerload - [@signIn, @signIn] : user navigate to sign in  page
[INFO ] 2023-03-02 09:10:29.750 [main] Loggerload - -----------------------------------------------------------------------------------------------
[INFO ] 2023-03-02 09:10:29.791 [main] Loggerload - User launches login page 
[INFO ] 2023-03-02 09:10:30.275 [main] Loggerload - User enter login credentials 
[INFO ] 2023-03-02 09:10:30.723 [main] Loggerload - User redirected to login page 
[INFO ] 2023-03-02 09:10:30.744 [main] Loggerload - Title of current page is : Login
[INFO ] 2023-03-02 09:10:30.761 [main] Loggerload - ===============================================================================================
[INFO ] 2023-03-02 09:10:30.762 [main] Loggerload - [@signIn, @signIn] : user navigate to sign in  page
[INFO ] 2023-03-02 09:10:30.763 [main] Loggerload - -----------------------------------------------------------------------------------------------
[INFO ] 2023-03-02 09:10:30.780 [main] Loggerload - User launches login page 
[INFO ] 2023-03-02 09:10:31.087 [main] Loggerload - User enter login credentials 
[INFO ] 2023-03-02 09:10:32.125 [main] Loggerload - User redirected to login page 
[INFO ] 2023-03-02 09:10:32.148 [main] Loggerload - Title of current page is : Login
[INFO ] 2023-03-02 09:10:32.160 [main] Loggerload - ===============================================================================================
[INFO ] 2023-03-02 09:10:32.161 [main] Loggerload - [@signIn, @signIn] : user navigate to sign in  page
[INFO ] 2023-03-02 09:10:32.161 [main] Loggerload - -----------------------------------------------------------------------------------------------
[INFO ] 2023-03-02 09:10:32.165 [main] Loggerload - User launches login page 
[INFO ] 2023-03-02 09:10:32.321 [main] Loggerload - User enter login credentials 
[INFO ] 2023-03-02 09:10:33.354 [main] Loggerload - User redirected to login page 
[INFO ] 2023-03-02 09:10:33.384 [main] Loggerload - Title of current page is : NumpyNinja
[INFO ] 2023-03-02 09:10:33.412 [main] Loggerload - ===============================================================================================
[INFO ] 2023-03-02 09:10:33.414 [main] Loggerload - [@dataStructure, @dataStructure] : user navigate to datastructure page
[INFO ] 2023-03-02 09:10:33.414 [main] Loggerload - -----------------------------------------------------------------------------------------------
[INFO ] 2023-03-02 09:10:37.095 [main] Loggerload - Expected result from Excel sheetname 1 and 0 : hello
[INFO ] 2023-03-02 09:10:37.196 [main] Loggerload - Actual result: hello
[INFO ] 2023-03-02 09:10:37.597 [main] Loggerload - ===============================================================================================
[INFO ] 2023-03-02 09:10:37.598 [main] Loggerload - [@dataStructure, @dataStructure] : user navigate to datastructure page
[INFO ] 2023-03-02 09:10:37.598 [main] Loggerload - -----------------------------------------------------------------------------------------------
[INFO ] 2023-03-02 09:10:42.485 [main] Loggerload - Expected result from Excel sheetname 1 and 1 : Hello World
[INFO ] 2023-03-02 09:10:42.631 [main] Loggerload - Actual result: Hello World
[INFO ] 2023-03-02 09:10:43.052 [main] Loggerload - ===============================================================================================
[INFO ] 2023-03-02 09:10:43.052 [main] Loggerload - [@array] : user navigate to array page and works on Arrays in Python
[INFO ] 2023-03-02 09:10:43.053 [main] Loggerload - -----------------------------------------------------------------------------------------------
[INFO ] 2023-03-02 09:10:46.401 [main] Loggerload - Expected result from Excel sheetname pythonCode and 0 : hello
[INFO ] 2023-03-02 09:10:46.461 [main] Loggerload - Actual result: hello
[INFO ] 2023-03-02 09:10:46.469 [main] Loggerload - ===============================================================================================
[INFO ] 2023-03-02 09:10:46.469 [main] Loggerload - [@array] : user navigate to array page and works on Arrays in Python
[INFO ] 2023-03-02 09:10:46.469 [main] Loggerload - -----------------------------------------------------------------------------------------------
[INFO ] 2023-03-02 09:10:50.244 [main] Loggerload - Expected result from Excel sheetname pythonCode and 1 : Hello World
[INFO ] 2023-03-02 09:10:50.356 [main] Loggerload - Actual result: Hello World
[INFO ] 2023-03-02 09:10:50.370 [main] Loggerload - ===============================================================================================
[INFO ] 2023-03-02 09:10:50.370 [main] Loggerload - [@array] : user does Arrays Using List
[INFO ] 2023-03-02 09:10:50.370 [main] Loggerload - -----------------------------------------------------------------------------------------------
[INFO ] 2023-03-02 09:10:53.044 [main] Loggerload - Expected result from Excel sheetname pythonCode and 0 : hello
[INFO ] 2023-03-02 09:10:53.129 [main] Loggerload - Actual result: hello
[INFO ] 2023-03-02 09:10:53.141 [main] Loggerload - ===============================================================================================
[INFO ] 2023-03-02 09:10:53.142 [main] Loggerload - [@array] : user does Arrays Using List
[INFO ] 2023-03-02 09:10:53.142 [main] Loggerload - -----------------------------------------------------------------------------------------------
[INFO ] 2023-03-02 09:10:55.285 [main] Loggerload - Expected result from Excel sheetname pythonCode and 1 : Hello World
[INFO ] 2023-03-02 09:10:55.371 [main] Loggerload - Actual result: Hello World
[INFO ] 2023-03-02 09:10:55.382 [main] Loggerload - ===============================================================================================
[INFO ] 2023-03-02 09:10:55.383 [main] Loggerload - [@array] : user does Basic operations in Lists
[INFO ] 2023-03-02 09:10:55.383 [main] Loggerload - -----------------------------------------------------------------------------------------------
[INFO ] 2023-03-02 09:10:57.671 [main] Loggerload - Expected result from Excel sheetname pythonCode and 0 : hello
[INFO ] 2023-03-02 09:10:57.768 [main] Loggerload - Actual result: hello
[INFO ] 2023-03-02 09:10:57.779 [main] Loggerload - ===============================================================================================
[INFO ] 2023-03-02 09:10:57.780 [main] Loggerload - [@array] : user does Basic operations in Lists
[INFO ] 2023-03-02 09:10:57.780 [main] Loggerload - -----------------------------------------------------------------------------------------------
[INFO ] 2023-03-02 09:10:59.919 [main] Loggerload - Expected result from Excel sheetname pythonCode and 1 : Hello World
[INFO ] 2023-03-02 09:11:00.006 [main] Loggerload - Actual result: Hello World
[INFO ] 2023-03-02 09:11:00.017 [main] Loggerload - ===============================================================================================
[INFO ] 2023-03-02 09:11:00.018 [main] Loggerload - [@array] : user does Applications of Array
[INFO ] 2023-03-02 09:11:00.019 [main] Loggerload - -----------------------------------------------------------------------------------------------
[INFO ] 2023-03-02 09:11:02.606 [main] Loggerload - Expected result from Excel sheetname pythonCode and 0 : hello
[INFO ] 2023-03-02 09:11:02.681 [main] Loggerload - Actual result: hello
[INFO ] 2023-03-02 09:11:02.690 [main] Loggerload - ===============================================================================================
[INFO ] 2023-03-02 09:11:02.690 [main] Loggerload - [@array] : user does Applications of Array
[INFO ] 2023-03-02 09:11:02.690 [main] Loggerload - -----------------------------------------------------------------------------------------------
[INFO ] 2023-03-02 09:11:04.684 [main] Loggerload - Expected result from Excel sheetname pythonCode and 1 : Hello World
[INFO ] 2023-03-02 09:11:04.766 [main] Loggerload - Actual result: Hello World
[INFO ] 2023-03-02 09:11:04.780 [main] Loggerload - ===============================================================================================
[INFO ] 2023-03-02 09:11:04.781 [main] Loggerload - [@array] : User navigates to practice question and practices
[INFO ] 2023-03-02 09:11:04.781 [main] Loggerload - -----------------------------------------------------------------------------------------------
[INFO ] 2023-03-02 09:11:07.382 [main] Loggerload - Actual result: search the array
[INFO ] 2023-03-02 09:11:07.731 [main] Loggerload - ===============================================================================================
[INFO ] 2023-03-02 09:11:07.731 [main] Loggerload - [@array] : User validate Max Consecutive Ones page
[INFO ] 2023-03-02 09:11:07.732 [main] Loggerload - -----------------------------------------------------------------------------------------------
[INFO ] 2023-03-02 09:11:09.117 [main] Loggerload - User gets the error message in an Alert  
[INFO ] 2023-03-02 09:11:10.146 [main] Loggerload - The Error Message is:SyntaxError: bad input on line 1
[INFO ] 2023-03-02 09:11:10.181 [main] Loggerload - Displayed Error Message  is SyntaxError: bad input on line 1
[INFO ] 2023-03-02 09:11:10.989 [main] Loggerload - ===============================================================================================
[INFO ] 2023-03-02 09:11:11.022 [main] Loggerload - [@linkedlist] : user navigate to Linked List page and works on Introduction on Linked List
[INFO ] 2023-03-02 09:11:11.022 [main] Loggerload - -----------------------------------------------------------------------------------------------
[INFO ] 2023-03-02 09:11:14.669 [main] Loggerload - Expected result from Excel sheetname pythonCode and 0 : hello
[INFO ] 2023-03-02 09:11:14.758 [main] Loggerload - Actual result: hello
[INFO ] 2023-03-02 09:11:14.770 [main] Loggerload - ===============================================================================================
[INFO ] 2023-03-02 09:11:14.770 [main] Loggerload - [@linkedlist] : user does Creating Linked List
[INFO ] 2023-03-02 09:11:14.770 [main] Loggerload - -----------------------------------------------------------------------------------------------
[INFO ] 2023-03-02 09:11:17.004 [main] Loggerload - Expected result from Excel sheetname pythonCode and 0 : hello
[INFO ] 2023-03-02 09:11:17.085 [main] Loggerload - Actual result: hello
[INFO ] 2023-03-02 09:11:17.096 [main] Loggerload - ===============================================================================================
[INFO ] 2023-03-02 09:11:17.096 [main] Loggerload - [@linkedlist] : user does Types of Linked Lists
[INFO ] 2023-03-02 09:11:17.097 [main] Loggerload - -----------------------------------------------------------------------------------------------
[INFO ] 2023-03-02 09:11:19.354 [main] Loggerload - Expected result from Excel sheetname pythonCode and 0 : hello
[INFO ] 2023-03-02 09:11:19.445 [main] Loggerload - Actual result: hello
[INFO ] 2023-03-02 09:11:19.455 [main] Loggerload - ===============================================================================================
[INFO ] 2023-03-02 09:11:19.455 [main] Loggerload - [@linkedlist] : user does Implement Linked List in Python
[INFO ] 2023-03-02 09:11:19.455 [main] Loggerload - -----------------------------------------------------------------------------------------------
[INFO ] 2023-03-02 09:11:21.677 [main] Loggerload - Expected result from Excel sheetname pythonCode and 0 : hello
[INFO ] 2023-03-02 09:11:21.749 [main] Loggerload - Actual result: hello
[INFO ] 2023-03-02 09:11:21.763 [main] Loggerload - ===============================================================================================
[INFO ] 2023-03-02 09:11:21.763 [main] Loggerload - [@linkedlist] : user does Traversal
[INFO ] 2023-03-02 09:11:21.763 [main] Loggerload - -----------------------------------------------------------------------------------------------
[INFO ] 2023-03-02 09:11:23.862 [main] Loggerload - Expected result from Excel sheetname pythonCode and 0 : hello
[INFO ] 2023-03-02 09:11:23.937 [main] Loggerload - Actual result: hello
[INFO ] 2023-03-02 09:11:23.945 [main] Loggerload - ===============================================================================================
[INFO ] 2023-03-02 09:11:23.946 [main] Loggerload - [@linkedlist] : user does Insertion
[INFO ] 2023-03-02 09:11:23.946 [main] Loggerload - -----------------------------------------------------------------------------------------------
[INFO ] 2023-03-02 09:11:26.046 [main] Loggerload - Expected result from Excel sheetname pythonCode and 0 : hello
[INFO ] 2023-03-02 09:11:26.127 [main] Loggerload - Actual result: hello
[INFO ] 2023-03-02 09:11:26.137 [main] Loggerload - ===============================================================================================
[INFO ] 2023-03-02 09:11:26.137 [main] Loggerload - [@linkedlist] : user does Deletion
[INFO ] 2023-03-02 09:11:26.138 [main] Loggerload - -----------------------------------------------------------------------------------------------
[INFO ] 2023-03-02 09:11:28.295 [main] Loggerload - Expected result from Excel sheetname pythonCode and 0 : hello
[INFO ] 2023-03-02 09:11:28.372 [main] Loggerload - Actual result: hello
[INFO ] 2023-03-02 09:11:28.768 [main] Loggerload - ===============================================================================================
[INFO ] 2023-03-02 09:11:28.768 [main] Loggerload - [@stack] : user navigate to Stack page and works on Operations in Stack
[INFO ] 2023-03-02 09:11:28.768 [main] Loggerload - -----------------------------------------------------------------------------------------------
[INFO ] 2023-03-02 09:11:32.453 [main] Loggerload - Expected result from Excel sheetname pythonCode and 0 : hello
[INFO ] 2023-03-02 09:11:32.530 [main] Loggerload - Actual result: hello
[INFO ] 2023-03-02 09:11:32.538 [main] Loggerload - ===============================================================================================
[INFO ] 2023-03-02 09:11:32.538 [main] Loggerload - [@stack] : user does Implementation Stack
[INFO ] 2023-03-02 09:11:32.538 [main] Loggerload - -----------------------------------------------------------------------------------------------
[INFO ] 2023-03-02 09:11:34.352 [main] Loggerload - Expected result from Excel sheetname pythonCode and 0 : hello
[INFO ] 2023-03-02 09:11:34.428 [main] Loggerload - Actual result: hello
[INFO ] 2023-03-02 09:11:34.442 [main] Loggerload - ===============================================================================================
[INFO ] 2023-03-02 09:11:34.442 [main] Loggerload - [@stack] : user does Applications
[INFO ] 2023-03-02 09:11:34.442 [main] Loggerload - -----------------------------------------------------------------------------------------------
[INFO ] 2023-03-02 09:11:36.326 [main] Loggerload - Expected result from Excel sheetname pythonCode and 0 : hello
[INFO ] 2023-03-02 09:11:36.427 [main] Loggerload - Actual result: hello
[INFO ] 2023-03-02 09:11:36.844 [main] Loggerload - ===============================================================================================
[INFO ] 2023-03-02 09:11:36.844 [main] Loggerload - [@queue] : user navigate to Queue page and works on Implementation Queue in Python
[INFO ] 2023-03-02 09:11:36.845 [main] Loggerload - -----------------------------------------------------------------------------------------------
[INFO ] 2023-03-02 09:11:40.438 [main] Loggerload - Expected result from Excel sheetname pythonCode and 0 : hello
[INFO ] 2023-03-02 09:11:40.525 [main] Loggerload - Actual result: hello
[INFO ] 2023-03-02 09:11:40.539 [main] Loggerload - ===============================================================================================
[INFO ] 2023-03-02 09:11:40.539 [main] Loggerload - [@queue] : user does Implementation Using Collection.deque
[INFO ] 2023-03-02 09:11:40.539 [main] Loggerload - -----------------------------------------------------------------------------------------------
[INFO ] 2023-03-02 09:11:42.608 [main] Loggerload - Expected result from Excel sheetname pythonCode and 0 : hello
[INFO ] 2023-03-02 09:11:42.686 [main] Loggerload - Actual result: hello
[INFO ] 2023-03-02 09:11:42.696 [main] Loggerload - ===============================================================================================
[INFO ] 2023-03-02 09:11:42.696 [main] Loggerload - [@queue] : user does Implementation Using Array
[INFO ] 2023-03-02 09:11:42.697 [main] Loggerload - -----------------------------------------------------------------------------------------------
[INFO ] 2023-03-02 09:11:46.989 [main] Loggerload - Expected result from Excel sheetname pythonCode and 0 : hello
[INFO ] 2023-03-02 09:11:47.071 [main] Loggerload - Actual result: hello
[INFO ] 2023-03-02 09:11:47.610 [main] Loggerload - ===============================================================================================
[INFO ] 2023-03-02 09:11:47.611 [main] Loggerload - [@queue] : user does Queue Operations
[INFO ] 2023-03-02 09:11:47.613 [main] Loggerload - -----------------------------------------------------------------------------------------------
[INFO ] 2023-03-02 09:11:49.924 [main] Loggerload - Expected result from Excel sheetname pythonCode and 0 : hello
[INFO ] 2023-03-02 09:11:50.040 [main] Loggerload - Actual result: hello
[INFO ] 2023-03-02 09:11:50.461 [main] Loggerload - ===============================================================================================
[INFO ] 2023-03-02 09:11:50.461 [main] Loggerload - [@tree] : user navigate to Tree page and works on Overview of Trees 1st link in the Tree
[INFO ] 2023-03-02 09:11:50.462 [main] Loggerload - -----------------------------------------------------------------------------------------------
[INFO ] 2023-03-02 09:11:54.206 [main] Loggerload - Expected result from Excel sheetname pythonCode and 0 : hello
[INFO ] 2023-03-02 09:11:54.375 [main] Loggerload - Actual result: hello
[INFO ] 2023-03-02 09:11:54.385 [main] Loggerload - ===============================================================================================
[INFO ] 2023-03-02 09:11:54.385 [main] Loggerload - [@tree] : user does Terminologies in Trees
[INFO ] 2023-03-02 09:11:54.385 [main] Loggerload - -----------------------------------------------------------------------------------------------
[INFO ] 2023-03-02 09:11:56.955 [main] Loggerload - Expected result from Excel sheetname pythonCode and 0 : hello
[INFO ] 2023-03-02 09:11:57.029 [main] Loggerload - Actual result: hello
[INFO ] 2023-03-02 09:11:57.045 [main] Loggerload - ===============================================================================================
[INFO ] 2023-03-02 09:11:57.045 [main] Loggerload - [@tree] : user does Types of Trees
[INFO ] 2023-03-02 09:11:57.045 [main] Loggerload - -----------------------------------------------------------------------------------------------
[INFO ] 2023-03-02 09:11:59.856 [main] Loggerload - Expected result from Excel sheetname pythonCode and 0 : hello
[INFO ] 2023-03-02 09:11:59.939 [main] Loggerload - Actual result: hello
[INFO ] 2023-03-02 09:11:59.952 [main] Loggerload - ===============================================================================================
[INFO ] 2023-03-02 09:11:59.952 [main] Loggerload - [@tree] : user does Tree Traversals
[INFO ] 2023-03-02 09:11:59.952 [main] Loggerload - -----------------------------------------------------------------------------------------------
[INFO ] 2023-03-02 09:12:02.266 [main] Loggerload - Expected result from Excel sheetname pythonCode and 0 : hello
[INFO ] 2023-03-02 09:12:02.397 [main] Loggerload - Actual result: hello
[INFO ] 2023-03-02 09:12:02.410 [main] Loggerload - ===============================================================================================
[INFO ] 2023-03-02 09:12:02.410 [main] Loggerload - [@tree] : user does Traversal-Illustration
[INFO ] 2023-03-02 09:12:02.411 [main] Loggerload - -----------------------------------------------------------------------------------------------
[INFO ] 2023-03-02 09:12:05.738 [main] Loggerload - Expected result from Excel sheetname pythonCode and 0 : hello
[INFO ] 2023-03-02 09:12:05.818 [main] Loggerload - Actual result: hello
[INFO ] 2023-03-02 09:12:05.828 [main] Loggerload - ===============================================================================================
[INFO ] 2023-03-02 09:12:05.828 [main] Loggerload - [@tree] : user does Binary Trees
[INFO ] 2023-03-02 09:12:05.828 [main] Loggerload - -----------------------------------------------------------------------------------------------
[INFO ] 2023-03-02 09:12:07.958 [main] Loggerload - Expected result from Excel sheetname pythonCode and 0 : hello
[INFO ] 2023-03-02 09:12:08.083 [main] Loggerload - Actual result: hello
[INFO ] 2023-03-02 09:12:08.452 [main] Loggerload - ===============================================================================================
[INFO ] 2023-03-02 09:12:08.452 [main] Loggerload - [@tree] : user does Types of Binary Trees
[INFO ] 2023-03-02 09:12:08.452 [main] Loggerload - -----------------------------------------------------------------------------------------------
[INFO ] 2023-03-02 09:12:10.825 [main] Loggerload - Expected result from Excel sheetname pythonCode and 0 : hello
[INFO ] 2023-03-02 09:12:10.957 [main] Loggerload - Actual result: hello
[INFO ] 2023-03-02 09:12:10.973 [main] Loggerload - ===============================================================================================
[INFO ] 2023-03-02 09:12:10.974 [main] Loggerload - [@tree] : user does Implementation in Python
[INFO ] 2023-03-02 09:12:10.975 [main] Loggerload - -----------------------------------------------------------------------------------------------
[INFO ] 2023-03-02 09:12:13.175 [main] Loggerload - Expected result from Excel sheetname pythonCode and 0 : hello
[INFO ] 2023-03-02 09:12:13.312 [main] Loggerload - Actual result: hello
[INFO ] 2023-03-02 09:12:13.329 [main] Loggerload - ===============================================================================================
[INFO ] 2023-03-02 09:12:13.330 [main] Loggerload - [@tree] : user does Binary Tree Traversals
[INFO ] 2023-03-02 09:12:13.330 [main] Loggerload - -----------------------------------------------------------------------------------------------
[INFO ] 2023-03-02 09:12:15.650 [main] Loggerload - Expected result from Excel sheetname pythonCode and 0 : hello
[INFO ] 2023-03-02 09:12:15.777 [main] Loggerload - Actual result: hello
[INFO ] 2023-03-02 09:12:15.795 [main] Loggerload - ===============================================================================================
[INFO ] 2023-03-02 09:12:15.795 [main] Loggerload - [@tree] : user does Implementation of Binary Trees
[INFO ] 2023-03-02 09:12:15.795 [main] Loggerload - -----------------------------------------------------------------------------------------------
[INFO ] 2023-03-02 09:12:17.992 [main] Loggerload - Expected result from Excel sheetname pythonCode and 0 : hello
[INFO ] 2023-03-02 09:12:18.079 [main] Loggerload - Actual result: hello
[INFO ] 2023-03-02 09:12:18.358 [main] Loggerload - ===============================================================================================
[INFO ] 2023-03-02 09:12:18.360 [main] Loggerload - [@tree] : user does Applications of Binary Trees
[INFO ] 2023-03-02 09:12:18.360 [main] Loggerload - -----------------------------------------------------------------------------------------------
[INFO ] 2023-03-02 09:12:20.416 [main] Loggerload - Expected result from Excel sheetname pythonCode and 0 : hello
[INFO ] 2023-03-02 09:12:20.526 [main] Loggerload - Actual result: hello
[INFO ] 2023-03-02 09:12:20.543 [main] Loggerload - ===============================================================================================
[INFO ] 2023-03-02 09:12:20.543 [main] Loggerload - [@tree] : user does Binary Search Trees
[INFO ] 2023-03-02 09:12:20.543 [main] Loggerload - -----------------------------------------------------------------------------------------------
[INFO ] 2023-03-02 09:12:22.839 [main] Loggerload - Expected result from Excel sheetname pythonCode and 0 : hello
[INFO ] 2023-03-02 09:12:23.014 [main] Loggerload - Actual result: hello
[INFO ] 2023-03-02 09:12:23.030 [main] Loggerload - ===============================================================================================
[INFO ] 2023-03-02 09:12:23.030 [main] Loggerload - [@tree] : user does Implementation of BST
[INFO ] 2023-03-02 09:12:23.031 [main] Loggerload - -----------------------------------------------------------------------------------------------
[INFO ] 2023-03-02 09:12:25.367 [main] Loggerload - Expected result from Excel sheetname pythonCode and 0 : hello
[INFO ] 2023-03-02 09:12:25.493 [main] Loggerload - Actual result: hello
[INFO ] 2023-03-02 09:12:25.835 [main] Loggerload - ===============================================================================================
[INFO ] 2023-03-02 09:12:25.839 [main] Loggerload - [@graph] : user navigate to Graph page and works on  Graph
[INFO ] 2023-03-02 09:12:25.840 [main] Loggerload - -----------------------------------------------------------------------------------------------
[INFO ] 2023-03-02 09:12:29.668 [main] Loggerload - Expected result from Excel sheetname pythonCode and 0 : hello
[INFO ] 2023-03-02 09:12:29.741 [main] Loggerload - Actual result: hello
[INFO ] 2023-03-02 09:12:29.816 [main] Loggerload - ===============================================================================================
[INFO ] 2023-03-02 09:12:29.816 [main] Loggerload - [@graph] : user does Graph Representations
[INFO ] 2023-03-02 09:12:29.816 [main] Loggerload - -----------------------------------------------------------------------------------------------
[INFO ] 2023-03-02 09:12:31.590 [main] Loggerload - Expected result from Excel sheetname pythonCode and 0 : hello
[INFO ] 2023-03-02 09:12:31.672 [main] Loggerload - Actual result: hello
